2025-09-28 00:17:30,493 (60760/MainThread) pgcli.main INFO - No default pager found in environment. Using os default pager
2025-09-28 00:17:30,493 (60760/MainThread) pgcli.main WARNING - import keyring failed: ModuleNotFoundError("No module named 'keyring'").
2025-09-28 00:17:30,496 (60760/MainThread) pgcli.main ERROR - traceback: 'Traceback (most recent call last):\n  File "/opt/homebrew/Cellar/pgcli/4.3.0/libexec/lib/python3.13/site-packages/pgcli/main.py", line 766, in connect\n    raise e\n  File "/opt/homebrew/Cellar/pgcli/4.3.0/libexec/lib/python3.13/site-packages/pgcli/main.py", line 737, in connect\n    pgexecute = PGExecute(\n        database,\n    ...<6 lines>...\n        **kwargs,\n    )\n  File "/opt/homebrew/Cellar/pgcli/4.3.0/libexec/lib/python3.13/site-packages/pgcli/pgexecute.py", line 184, in __init__\n    self.connect(database, user, password, host, port, dsn, **kwargs)\n    ~~~~~~~~~~~~^^^^^^^^^^^^^^^^^^^^^^^^^^^^^^^^^^^^^^^^^^^^^^^^^^^^^\n  File "/opt/homebrew/Cellar/pgcli/4.3.0/libexec/lib/python3.13/site-packages/pgcli/pgexecute.py", line 233, in connect\n    conn = psycopg.connect(conn_info)\n  File "/opt/homebrew/Cellar/pgcli/4.3.0/libexec/lib/python3.13/site-packages/psycopg/connection.py", line 117, in connect\n    raise last_ex.with_traceback(None)\npsycopg.OperationalError: connection is bad: connection to server on socket "/tmp/.s.PGSQL.5432" failed: No such file or directory\n\tIs the server running locally and accepting connections on that socket?\n'
2025-11-07 19:45:30,779 (10135/MainThread) pgcli.main INFO - No default pager found in environment. Using os default pager
2025-11-07 19:45:30,779 (10135/MainThread) pgcli.main WARNING - import keyring failed: ModuleNotFoundError("No module named 'keyring'").
2025-11-07 19:45:30,782 (10135/MainThread) pgcli.main ERROR - traceback: 'Traceback (most recent call last):\n  File "/Users/devadathanmb/.asdf/installs/python/3.14.0t/lib/python3.14t/site-packages/pgcli/main.py", line 724, in connect\n    raise e\n  File "/Users/devadathanmb/.asdf/installs/python/3.14.0t/lib/python3.14t/site-packages/pgcli/main.py", line 695, in connect\n    pgexecute = PGExecute(\n        database,\n    ...<6 lines>...\n        **kwargs,\n    )\n  File "/Users/devadathanmb/.asdf/installs/python/3.14.0t/lib/python3.14t/site-packages/pgcli/pgexecute.py", line 180, in __init__\n    self.connect(database, user, password, host, port, dsn, **kwargs)\n    ~~~~~~~~~~~~^^^^^^^^^^^^^^^^^^^^^^^^^^^^^^^^^^^^^^^^^^^^^^^^^^^^^\n  File "/Users/devadathanmb/.asdf/installs/python/3.14.0t/lib/python3.14t/site-packages/pgcli/pgexecute.py", line 227, in connect\n    conn = psycopg.connect(conn_info)\n  File "/Users/devadathanmb/.asdf/installs/python/3.14.0t/lib/python3.14t/site-packages/psycopg/connection.py", line 120, in connect\n    raise last_ex.with_traceback(None)\npsycopg.OperationalError: connection is bad: connection to server on socket "/tmp/.s.PGSQL.5432" failed: No such file or directory\n\tIs the server running locally and accepting connections on that socket?\n'
2025-11-07 19:45:56,470 (10294/MainThread) pgcli.main INFO - No default pager found in environment. Using os default pager
2025-11-07 19:45:56,470 (10294/MainThread) pgcli.main WARNING - import keyring failed: ModuleNotFoundError("No module named 'keyring'").
2025-11-07 19:46:17,228 (10294/MainThread) pgcli.pgexecute ERROR - sql: 'select * from drizzle', error: UndefinedTable('relation "drizzle" does not exist\nLINE 1: select * from drizzle\n                      ^')
2025-11-07 19:46:17,232 (10294/MainThread) pgcli.pgexecute ERROR - traceback: 'Traceback (most recent call last):\n  File "/Users/devadathanmb/.asdf/installs/python/3.14.0t/lib/python3.14t/site-packages/pgcli/pgexecute.py", line 393, in run\n    yield self.execute_normal_sql(sql) + (sql, True, False)\n          ~~~~~~~~~~~~~~~~~~~~~~~^^^^^\n  File "/Users/devadathanmb/.asdf/installs/python/3.14.0t/lib/python3.14t/site-packages/pgcli/pgexecute.py", line 447, in execute_normal_sql\n    cur.execute(split_sql)\n    ~~~~~~~~~~~^^^^^^^^^^^\n  File "/Users/devadathanmb/.asdf/installs/python/3.14.0t/lib/python3.14t/site-packages/pgcli/pgexecute.py", line 87, in execute\n    super().execute(*args, **kwargs)\n    ~~~~~~~~~~~~~~~^^^^^^^^^^^^^^^^^\n  File "/Users/devadathanmb/.asdf/installs/python/3.14.0t/lib/python3.14t/site-packages/psycopg/cursor.py", line 97, in execute\n    raise ex.with_traceback(None)\npsycopg.errors.UndefinedTable: relation "drizzle" does not exist\nLINE 1: select * from drizzle\n                      ^\n'
2025-11-07 19:47:03,059 (10294/MainThread) pgcli.pgexecute ERROR - sql: 'select * from bpchartypmodin()', error: UndefinedFunction('function bpchartypmodin() does not exist\nLINE 1: select * from bpchartypmodin()\n                      ^\nHINT:  No function matches the given name and argument types. You might need to add explicit type casts.')
2025-11-07 19:47:03,062 (10294/MainThread) pgcli.pgexecute ERROR - traceback: 'Traceback (most recent call last):\n  File "/Users/devadathanmb/.asdf/installs/python/3.14.0t/lib/python3.14t/site-packages/pgcli/pgexecute.py", line 393, in run\n    yield self.execute_normal_sql(sql) + (sql, True, False)\n          ~~~~~~~~~~~~~~~~~~~~~~~^^^^^\n  File "/Users/devadathanmb/.asdf/installs/python/3.14.0t/lib/python3.14t/site-packages/pgcli/pgexecute.py", line 447, in execute_normal_sql\n    cur.execute(split_sql)\n    ~~~~~~~~~~~^^^^^^^^^^^\n  File "/Users/devadathanmb/.asdf/installs/python/3.14.0t/lib/python3.14t/site-packages/pgcli/pgexecute.py", line 87, in execute\n    super().execute(*args, **kwargs)\n    ~~~~~~~~~~~~~~~^^^^^^^^^^^^^^^^^\n  File "/Users/devadathanmb/.asdf/installs/python/3.14.0t/lib/python3.14t/site-packages/psycopg/cursor.py", line 97, in execute\n    raise ex.with_traceback(None)\npsycopg.errors.UndefinedFunction: function bpchartypmodin() does not exist\nLINE 1: select * from bpchartypmodin()\n                      ^\nHINT:  No function matches the given name and argument types. You might need to add explicit type casts.\n'
2025-11-07 19:49:31,150 (10294/MainThread) pgcli.pgexecute ERROR - sql: "select * from chats where created_at now() - interval '1 day'", error: SyntaxError('syntax error at or near "now"\nLINE 1: select * from chats where created_at now() - interval \'1 day...\n                                             ^')
2025-11-07 19:49:31,153 (10294/MainThread) pgcli.pgexecute ERROR - traceback: 'Traceback (most recent call last):\n  File "/Users/devadathanmb/.asdf/installs/python/3.14.0t/lib/python3.14t/site-packages/pgcli/pgexecute.py", line 393, in run\n    yield self.execute_normal_sql(sql) + (sql, True, False)\n          ~~~~~~~~~~~~~~~~~~~~~~~^^^^^\n  File "/Users/devadathanmb/.asdf/installs/python/3.14.0t/lib/python3.14t/site-packages/pgcli/pgexecute.py", line 447, in execute_normal_sql\n    cur.execute(split_sql)\n    ~~~~~~~~~~~^^^^^^^^^^^\n  File "/Users/devadathanmb/.asdf/installs/python/3.14.0t/lib/python3.14t/site-packages/pgcli/pgexecute.py", line 87, in execute\n    super().execute(*args, **kwargs)\n    ~~~~~~~~~~~~~~~^^^^^^^^^^^^^^^^^\n  File "/Users/devadathanmb/.asdf/installs/python/3.14.0t/lib/python3.14t/site-packages/psycopg/cursor.py", line 97, in execute\n    raise ex.with_traceback(None)\npsycopg.errors.SyntaxError: syntax error at or near "now"\nLINE 1: select * from chats where created_at now() - interval \'1 day...\n                                             ^\n'
2025-11-07 20:04:18,089 (11411/MainThread) pgcli.main INFO - No default pager found in environment. Using os default pager
2025-11-07 20:04:18,090 (11411/MainThread) pgcli.main WARNING - import keyring failed: ModuleNotFoundError("No module named 'keyring'").
2025-11-07 20:15:58,124 (12666/MainThread) pgcli.main INFO - No default pager found in environment. Using os default pager
2025-11-07 20:15:58,124 (12666/MainThread) pgcli.main WARNING - import keyring failed: ModuleNotFoundError("No module named 'keyring'").
2025-11-07 20:16:15,506 (12666/MainThread) pgcli.pgexecute ERROR - sql: 'select no', error: UndefinedColumn('column "no" does not exist\nLINE 1: select no\n               ^')
2025-11-07 20:16:15,510 (12666/MainThread) pgcli.pgexecute ERROR - traceback: 'Traceback (most recent call last):\n  File "/Users/devadathanmb/.asdf/installs/python/3.14.0t/lib/python3.14t/site-packages/pgcli/pgexecute.py", line 393, in run\n    yield self.execute_normal_sql(sql) + (sql, True, False)\n          ~~~~~~~~~~~~~~~~~~~~~~~^^^^^\n  File "/Users/devadathanmb/.asdf/installs/python/3.14.0t/lib/python3.14t/site-packages/pgcli/pgexecute.py", line 447, in execute_normal_sql\n    cur.execute(split_sql)\n    ~~~~~~~~~~~^^^^^^^^^^^\n  File "/Users/devadathanmb/.asdf/installs/python/3.14.0t/lib/python3.14t/site-packages/pgcli/pgexecute.py", line 87, in execute\n    super().execute(*args, **kwargs)\n    ~~~~~~~~~~~~~~~^^^^^^^^^^^^^^^^^\n  File "/Users/devadathanmb/.asdf/installs/python/3.14.0t/lib/python3.14t/site-packages/psycopg/cursor.py", line 97, in execute\n    raise ex.with_traceback(None)\npsycopg.errors.UndefinedColumn: column "no" does not exist\nLINE 1: select no\n               ^\n'
2025-11-07 20:16:59,945 (12846/MainThread) pgcli.main INFO - No default pager found in environment. Using os default pager
2025-11-07 20:16:59,945 (12846/MainThread) pgcli.main WARNING - import keyring failed: ModuleNotFoundError("No module named 'keyring'").
2025-11-07 20:19:37,282 (12846/MainThread) pgcli.pgexecute ERROR - sql: 'select AGE', error: UndefinedColumn('column "age" does not exist\nLINE 1: select AGE\n               ^')
2025-11-07 20:19:37,285 (12846/MainThread) pgcli.pgexecute ERROR - traceback: 'Traceback (most recent call last):\n  File "/Users/devadathanmb/.asdf/installs/python/3.14.0t/lib/python3.14t/site-packages/pgcli/pgexecute.py", line 393, in run\n    yield self.execute_normal_sql(sql) + (sql, True, False)\n          ~~~~~~~~~~~~~~~~~~~~~~~^^^^^\n  File "/Users/devadathanmb/.asdf/installs/python/3.14.0t/lib/python3.14t/site-packages/pgcli/pgexecute.py", line 447, in execute_normal_sql\n    cur.execute(split_sql)\n    ~~~~~~~~~~~^^^^^^^^^^^\n  File "/Users/devadathanmb/.asdf/installs/python/3.14.0t/lib/python3.14t/site-packages/pgcli/pgexecute.py", line 87, in execute\n    super().execute(*args, **kwargs)\n    ~~~~~~~~~~~~~~~^^^^^^^^^^^^^^^^^\n  File "/Users/devadathanmb/.asdf/installs/python/3.14.0t/lib/python3.14t/site-packages/psycopg/cursor.py", line 97, in execute\n    raise ex.with_traceback(None)\npsycopg.errors.UndefinedColumn: column "age" does not exist\nLINE 1: select AGE\n               ^\n'
2025-11-07 20:23:38,272 (13065/MainThread) pgcli.main INFO - No default pager found in environment. Using os default pager
2025-11-07 20:23:38,272 (13065/MainThread) pgcli.main WARNING - import keyring failed: ModuleNotFoundError("No module named 'keyring'").
2025-11-07 20:26:32,052 (13290/MainThread) pgcli.main INFO - No default pager found in environment. Using os default pager
2025-11-07 20:26:32,052 (13290/MainThread) pgcli.main WARNING - import keyring failed: ModuleNotFoundError("No module named 'keyring'").
2025-11-07 20:27:22,812 (13523/MainThread) pgcli.main INFO - No default pager found in environment. Using os default pager
2025-11-07 20:27:22,812 (13523/MainThread) pgcli.main WARNING - import keyring failed: ModuleNotFoundError("No module named 'keyring'").
2025-11-07 20:39:18,953 (13905/MainThread) pgcli.main INFO - No default pager found in environment. Using os default pager
2025-11-07 20:39:18,953 (13905/MainThread) pgcli.main WARNING - import keyring failed: ModuleNotFoundError("No module named 'keyring'").
2025-11-07 20:40:18,740 (13905/MainThread) pgcli.pgexecute ERROR - sql: 'selec', error: SyntaxError('syntax error at or near "selec"\nLINE 1: selec\n        ^')
2025-11-07 20:40:18,742 (13905/MainThread) pgcli.pgexecute ERROR - traceback: 'Traceback (most recent call last):\n  File "/Users/devadathanmb/.asdf/installs/python/3.14.0t/lib/python3.14t/site-packages/pgcli/pgexecute.py", line 393, in run\n    yield self.execute_normal_sql(sql) + (sql, True, False)\n          ~~~~~~~~~~~~~~~~~~~~~~~^^^^^\n  File "/Users/devadathanmb/.asdf/installs/python/3.14.0t/lib/python3.14t/site-packages/pgcli/pgexecute.py", line 447, in execute_normal_sql\n    cur.execute(split_sql)\n    ~~~~~~~~~~~^^^^^^^^^^^\n  File "/Users/devadathanmb/.asdf/installs/python/3.14.0t/lib/python3.14t/site-packages/pgcli/pgexecute.py", line 87, in execute\n    super().execute(*args, **kwargs)\n    ~~~~~~~~~~~~~~~^^^^^^^^^^^^^^^^^\n  File "/Users/devadathanmb/.asdf/installs/python/3.14.0t/lib/python3.14t/site-packages/psycopg/cursor.py", line 97, in execute\n    raise ex.with_traceback(None)\npsycopg.errors.SyntaxError: syntax error at or near "selec"\nLINE 1: selec\n        ^\n'
2025-11-07 20:44:44,495 (14831/MainThread) pgcli.main INFO - No default pager found in environment. Using os default pager
2025-11-07 20:44:44,495 (14831/MainThread) pgcli.main WARNING - import keyring failed: ModuleNotFoundError("No module named 'keyring'").
2025-11-07 20:53:09,321 (15740/MainThread) pgcli.main INFO - No default pager found in environment. Using os default pager
2025-11-07 20:53:09,321 (15740/MainThread) pgcli.main WARNING - import keyring failed: ModuleNotFoundError("No module named 'keyring'").
2025-11-07 21:29:56,397 (16021/MainThread) pgcli.main INFO - No default pager found in environment. Using os default pager
2025-11-07 21:29:56,397 (16021/MainThread) pgcli.main WARNING - import keyring failed: ModuleNotFoundError("No module named 'keyring'").
2025-11-07 21:30:06,342 (16021/MainThread) pgcli.pgexecute ERROR - sql: 'select * from chats where', error: SyntaxError('syntax error at end of input\nLINE 1: select * from chats where\n                                 ^')
2025-11-07 21:30:06,346 (16021/MainThread) pgcli.pgexecute ERROR - traceback: 'Traceback (most recent call last):\n  File "/Users/devadathanmb/.asdf/installs/python/3.14.0t/lib/python3.14t/site-packages/pgcli/pgexecute.py", line 393, in run\n    yield self.execute_normal_sql(sql) + (sql, True, False)\n          ~~~~~~~~~~~~~~~~~~~~~~~^^^^^\n  File "/Users/devadathanmb/.asdf/installs/python/3.14.0t/lib/python3.14t/site-packages/pgcli/pgexecute.py", line 447, in execute_normal_sql\n    cur.execute(split_sql)\n    ~~~~~~~~~~~^^^^^^^^^^^\n  File "/Users/devadathanmb/.asdf/installs/python/3.14.0t/lib/python3.14t/site-packages/pgcli/pgexecute.py", line 87, in execute\n    super().execute(*args, **kwargs)\n    ~~~~~~~~~~~~~~~^^^^^^^^^^^^^^^^^\n  File "/Users/devadathanmb/.asdf/installs/python/3.14.0t/lib/python3.14t/site-packages/psycopg/cursor.py", line 97, in execute\n    raise ex.with_traceback(None)\npsycopg.errors.SyntaxError: syntax error at end of input\nLINE 1: select * from chats where\n                                 ^\n'
2025-11-07 21:31:21,736 (16106/MainThread) pgcli.main INFO - No default pager found in environment. Using os default pager
2025-11-07 21:31:21,737 (16106/MainThread) pgcli.main WARNING - import keyring failed: ModuleNotFoundError("No module named 'keyring'").
2025-11-07 21:34:39,583 (16106/MainThread) pgcli.pgexecute ERROR - sql: 'l', error: SyntaxError('syntax error at or near "l"\nLINE 1: l\n        ^')
2025-11-07 21:34:39,588 (16106/MainThread) pgcli.pgexecute ERROR - traceback: 'Traceback (most recent call last):\n  File "/Users/devadathanmb/.asdf/installs/python/3.14.0t/lib/python3.14t/site-packages/pgcli/pgexecute.py", line 393, in run\n    yield self.execute_normal_sql(sql) + (sql, True, False)\n          ~~~~~~~~~~~~~~~~~~~~~~~^^^^^\n  File "/Users/devadathanmb/.asdf/installs/python/3.14.0t/lib/python3.14t/site-packages/pgcli/pgexecute.py", line 447, in execute_normal_sql\n    cur.execute(split_sql)\n    ~~~~~~~~~~~^^^^^^^^^^^\n  File "/Users/devadathanmb/.asdf/installs/python/3.14.0t/lib/python3.14t/site-packages/pgcli/pgexecute.py", line 87, in execute\n    super().execute(*args, **kwargs)\n    ~~~~~~~~~~~~~~~^^^^^^^^^^^^^^^^^\n  File "/Users/devadathanmb/.asdf/installs/python/3.14.0t/lib/python3.14t/site-packages/psycopg/cursor.py", line 97, in execute\n    raise ex.with_traceback(None)\npsycopg.errors.SyntaxError: syntax error at or near "l"\nLINE 1: l\n        ^\n'
2025-11-07 21:37:59,916 (16580/MainThread) pgcli.main INFO - No default pager found in environment. Using os default pager
2025-11-07 21:37:59,916 (16580/MainThread) pgcli.main WARNING - import keyring failed: ModuleNotFoundError("No module named 'keyring'").
2025-11-07 21:46:10,373 (16859/MainThread) pgcli.main INFO - No default pager found in environment. Using os default pager
2025-11-07 21:46:10,373 (16859/MainThread) pgcli.main WARNING - import keyring failed: ModuleNotFoundError("No module named 'keyring'").
2025-11-07 21:52:19,106 (17042/MainThread) pgcli.main INFO - No default pager found in environment. Using os default pager
2025-11-07 21:52:19,106 (17042/MainThread) pgcli.main WARNING - import keyring failed: ModuleNotFoundError("No module named 'keyring'").
2025-11-07 21:54:31,710 (17042/MainThread) pgcli.pgexecute ERROR - sql: 'rolllback', error: SyntaxError('syntax error at or near "rolllback"\nLINE 1: rolllback\n        ^')
2025-11-07 21:54:31,711 (17042/MainThread) pgcli.pgexecute ERROR - traceback: 'Traceback (most recent call last):\n  File "/Users/devadathanmb/.asdf/installs/python/3.14.0t/lib/python3.14t/site-packages/pgcli/pgexecute.py", line 393, in run\n    yield self.execute_normal_sql(sql) + (sql, True, False)\n          ~~~~~~~~~~~~~~~~~~~~~~~^^^^^\n  File "/Users/devadathanmb/.asdf/installs/python/3.14.0t/lib/python3.14t/site-packages/pgcli/pgexecute.py", line 447, in execute_normal_sql\n    cur.execute(split_sql)\n    ~~~~~~~~~~~^^^^^^^^^^^\n  File "/Users/devadathanmb/.asdf/installs/python/3.14.0t/lib/python3.14t/site-packages/pgcli/pgexecute.py", line 87, in execute\n    super().execute(*args, **kwargs)\n    ~~~~~~~~~~~~~~~^^^^^^^^^^^^^^^^^\n  File "/Users/devadathanmb/.asdf/installs/python/3.14.0t/lib/python3.14t/site-packages/psycopg/cursor.py", line 97, in execute\n    raise ex.with_traceback(None)\npsycopg.errors.SyntaxError: syntax error at or near "rolllback"\nLINE 1: rolllback\n        ^\n'
2025-11-07 21:55:30,306 (17287/MainThread) pgcli.main INFO - No default pager found in environment. Using os default pager
2025-11-07 21:55:30,306 (17287/MainThread) pgcli.main WARNING - import keyring failed: ModuleNotFoundError("No module named 'keyring'").
2025-11-07 22:31:34,922 (17538/MainThread) pgcli.main INFO - No default pager found in environment. Using os default pager
2025-11-07 22:31:34,922 (17538/MainThread) pgcli.main WARNING - import keyring failed: ModuleNotFoundError("No module named 'keyring'").
2026-01-17 17:14:25,722 (12465/MainThread) pgcli.main INFO - No default pager found in environment. Using os default pager
2026-01-17 17:14:25,723 (12465/MainThread) pgcli.main WARNING - import keyring failed: ModuleNotFoundError("No module named 'keyring'").
2026-01-17 17:14:26,133 (12465/MainThread) pgcli.main ERROR - traceback: 'Traceback (most recent call last):\n  File "/Users/devadathanmb/.asdf/installs/python/3.14.0t/lib/python3.14t/site-packages/pgcli/main.py", line 731, in connect\n    raise e\n  File "/Users/devadathanmb/.asdf/installs/python/3.14.0t/lib/python3.14t/site-packages/pgcli/main.py", line 702, in connect\n    pgexecute = PGExecute(\n        database,\n    ...<6 lines>...\n        **kwargs,\n    )\n  File "/Users/devadathanmb/.asdf/installs/python/3.14.0t/lib/python3.14t/site-packages/pgcli/pgexecute.py", line 180, in __init__\n    self.connect(database, user, password, host, port, dsn, **kwargs)\n    ~~~~~~~~~~~~^^^^^^^^^^^^^^^^^^^^^^^^^^^^^^^^^^^^^^^^^^^^^^^^^^^^^\n  File "/Users/devadathanmb/.asdf/installs/python/3.14.0t/lib/python3.14t/site-packages/pgcli/pgexecute.py", line 227, in connect\n    conn = psycopg.connect(conn_info)\n  File "/Users/devadathanmb/.asdf/installs/python/3.14.0t/lib/python3.14t/site-packages/psycopg/connection.py", line 98, in connect\n    attempts = conninfo_attempts(params)\n  File "/Users/devadathanmb/.asdf/installs/python/3.14.0t/lib/python3.14t/site-packages/psycopg/_conninfo_attempts.py", line 53, in conninfo_attempts\n    raise e.OperationalError(str(last_exc))\npsycopg.OperationalError: [Errno 8] nodename nor servname provided, or not known\n'
2026-01-17 17:16:09,642 (13134/MainThread) pgcli.main INFO - No default pager found in environment. Using os default pager
2026-01-17 17:16:09,642 (13134/MainThread) pgcli.main WARNING - import keyring failed: ModuleNotFoundError("No module named 'keyring'").
2026-01-17 17:17:04,608 (13211/MainThread) pgcli.main INFO - No default pager found in environment. Using os default pager
2026-01-17 17:17:04,608 (13211/MainThread) pgcli.main WARNING - import keyring failed: ModuleNotFoundError("No module named 'keyring'").
2026-01-17 17:17:09,055 (13211/MainThread) pgcli.pgexecute ERROR - sql: 'select * from chats', error: UndefinedTable('relation "chats" does not exist\nLINE 1: select * from chats\n                      ^')
2026-01-17 17:17:09,058 (13211/MainThread) pgcli.pgexecute ERROR - traceback: 'Traceback (most recent call last):\n  File "/Users/devadathanmb/.asdf/installs/python/3.14.0t/lib/python3.14t/site-packages/pgcli/pgexecute.py", line 393, in run\n    yield self.execute_normal_sql(sql) + (sql, True, False)\n          ~~~~~~~~~~~~~~~~~~~~~~~^^^^^\n  File "/Users/devadathanmb/.asdf/installs/python/3.14.0t/lib/python3.14t/site-packages/pgcli/pgexecute.py", line 447, in execute_normal_sql\n    cur.execute(split_sql)\n    ~~~~~~~~~~~^^^^^^^^^^^\n  File "/Users/devadathanmb/.asdf/installs/python/3.14.0t/lib/python3.14t/site-packages/pgcli/pgexecute.py", line 87, in execute\n    super().execute(*args, **kwargs)\n    ~~~~~~~~~~~~~~~^^^^^^^^^^^^^^^^^\n  File "/Users/devadathanmb/.asdf/installs/python/3.14.0t/lib/python3.14t/site-packages/psycopg/cursor.py", line 97, in execute\n    raise ex.with_traceback(None)\npsycopg.errors.UndefinedTable: relation "chats" does not exist\nLINE 1: select * from chats\n                      ^\n'
2026-01-17 17:29:56,732 (15088/MainThread) pgcli.main INFO - No default pager found in environment. Using os default pager
2026-01-17 17:29:56,732 (15088/MainThread) pgcli.main WARNING - import keyring failed: ModuleNotFoundError("No module named 'keyring'").
2026-01-17 17:30:07,194 (15088/MainThread) pgcli.pgexecute ERROR - sql: 'select * from information_schema', error: UndefinedTable('relation "information_schema" does not exist\nLINE 1: select * from information_schema\n                      ^')
2026-01-17 17:30:07,196 (15088/MainThread) pgcli.pgexecute ERROR - traceback: 'Traceback (most recent call last):\n  File "/Users/devadathanmb/.asdf/installs/python/3.14.0t/lib/python3.14t/site-packages/pgcli/pgexecute.py", line 393, in run\n    yield self.execute_normal_sql(sql) + (sql, True, False)\n          ~~~~~~~~~~~~~~~~~~~~~~~^^^^^\n  File "/Users/devadathanmb/.asdf/installs/python/3.14.0t/lib/python3.14t/site-packages/pgcli/pgexecute.py", line 447, in execute_normal_sql\n    cur.execute(split_sql)\n    ~~~~~~~~~~~^^^^^^^^^^^\n  File "/Users/devadathanmb/.asdf/installs/python/3.14.0t/lib/python3.14t/site-packages/pgcli/pgexecute.py", line 87, in execute\n    super().execute(*args, **kwargs)\n    ~~~~~~~~~~~~~~~^^^^^^^^^^^^^^^^^\n  File "/Users/devadathanmb/.asdf/installs/python/3.14.0t/lib/python3.14t/site-packages/psycopg/cursor.py", line 97, in execute\n    raise ex.with_traceback(None)\npsycopg.errors.UndefinedTable: relation "information_schema" does not exist\nLINE 1: select * from information_schema\n                      ^\n'
2026-01-17 17:41:41,769 (15088/MainThread) pgcli.pgexecute ERROR - sql: 'drop table users', error: UndefinedTable('table "users" does not exist')
2026-01-17 17:41:41,771 (15088/MainThread) pgcli.pgexecute ERROR - traceback: 'Traceback (most recent call last):\n  File "/Users/devadathanmb/.asdf/installs/python/3.14.0t/lib/python3.14t/site-packages/pgcli/pgexecute.py", line 393, in run\n    yield self.execute_normal_sql(sql) + (sql, True, False)\n          ~~~~~~~~~~~~~~~~~~~~~~~^^^^^\n  File "/Users/devadathanmb/.asdf/installs/python/3.14.0t/lib/python3.14t/site-packages/pgcli/pgexecute.py", line 447, in execute_normal_sql\n    cur.execute(split_sql)\n    ~~~~~~~~~~~^^^^^^^^^^^\n  File "/Users/devadathanmb/.asdf/installs/python/3.14.0t/lib/python3.14t/site-packages/pgcli/pgexecute.py", line 87, in execute\n    super().execute(*args, **kwargs)\n    ~~~~~~~~~~~~~~~^^^^^^^^^^^^^^^^^\n  File "/Users/devadathanmb/.asdf/installs/python/3.14.0t/lib/python3.14t/site-packages/psycopg/cursor.py", line 97, in execute\n    raise ex.with_traceback(None)\npsycopg.errors.UndefinedTable: table "users" does not exist\n'
2026-01-24 19:52:06,392 (37022/MainThread) pgcli.main INFO - No default pager found in environment. Using os default pager
2026-01-24 19:52:06,392 (37022/MainThread) pgcli.main WARNING - import keyring failed: ModuleNotFoundError("No module named 'keyring'").
2026-01-24 19:57:36,557 (38029/MainThread) pgcli.main INFO - No default pager found in environment. Using os default pager
2026-01-24 19:57:36,558 (38029/MainThread) pgcli.main WARNING - import keyring failed: ModuleNotFoundError("No module named 'keyring'").
2026-01-24 19:57:36,616 (38029/MainThread) pgcli.main ERROR - traceback: 'Traceback (most recent call last):\n  File "/Users/devadathanmb/.asdf/installs/python/3.14.0t/lib/python3.14t/site-packages/pgcli/main.py", line 731, in connect\n    raise e\n  File "/Users/devadathanmb/.asdf/installs/python/3.14.0t/lib/python3.14t/site-packages/pgcli/main.py", line 702, in connect\n    pgexecute = PGExecute(\n        database,\n    ...<6 lines>...\n        **kwargs,\n    )\n  File "/Users/devadathanmb/.asdf/installs/python/3.14.0t/lib/python3.14t/site-packages/pgcli/pgexecute.py", line 180, in __init__\n    self.connect(database, user, password, host, port, dsn, **kwargs)\n    ~~~~~~~~~~~~^^^^^^^^^^^^^^^^^^^^^^^^^^^^^^^^^^^^^^^^^^^^^^^^^^^^^\n  File "/Users/devadathanmb/.asdf/installs/python/3.14.0t/lib/python3.14t/site-packages/pgcli/pgexecute.py", line 227, in connect\n    conn = psycopg.connect(conn_info)\n  File "/Users/devadathanmb/.asdf/installs/python/3.14.0t/lib/python3.14t/site-packages/psycopg/connection.py", line 127, in connect\n    raise type(last_ex)("\\n".join(lines)).with_traceback(None)\npsycopg.OperationalError: connection failed: connection to server at "127.0.0.1", port 5432 failed: FATAL:  database "testdb" does not exist\nMultiple connection attempts failed. All failures were:\n- host: \'localhost\', port: \'5432\', hostaddr: \'::1\': connection failed: connection to server at "::1", port 5432 failed: FATAL:  database "testdb" does not exist\n- host: \'localhost\', port: \'5432\', hostaddr: \'127.0.0.1\': connection failed: connection to server at "127.0.0.1", port 5432 failed: FATAL:  database "testdb" does not exist\n'
2026-01-24 19:57:52,868 (38066/MainThread) pgcli.main INFO - No default pager found in environment. Using os default pager
2026-01-24 19:57:52,868 (38066/MainThread) pgcli.main WARNING - import keyring failed: ModuleNotFoundError("No module named 'keyring'").
2026-01-24 19:59:57,459 (38486/MainThread) pgcli.main INFO - No default pager found in environment. Using os default pager
2026-01-24 19:59:57,459 (38486/MainThread) pgcli.main WARNING - import keyring failed: ModuleNotFoundError("No module named 'keyring'").
2026-01-24 20:00:05,217 (38486/MainThread) pgcli.pgexecute ERROR - sql: 'kdfjdfd', error: SyntaxError('syntax error at or near "kdfjdfd"\nLINE 1: kdfjdfd\n        ^')
2026-01-24 20:00:05,219 (38486/MainThread) pgcli.pgexecute ERROR - traceback: 'Traceback (most recent call last):\n  File "/Users/devadathanmb/repos/pgcli/pgcli/pgexecute.py", line 406, in run\n    yield self.execute_normal_sql(sql) + (sql, True, False)\n          ~~~~~~~~~~~~~~~~~~~~~~~^^^^^\n  File "/Users/devadathanmb/repos/pgcli/pgcli/pgexecute.py", line 460, in execute_normal_sql\n    cur.execute(split_sql)\n    ~~~~~~~~~~~^^^^^^^^^^^\n  File "/Users/devadathanmb/repos/pgcli/pgcli/pgexecute.py", line 87, in execute\n    super().execute(*args, **kwargs)\n    ~~~~~~~~~~~~~~~^^^^^^^^^^^^^^^^^\n  File "/Users/devadathanmb/repos/pgcli/.venv/lib/python3.14t/site-packages/psycopg/cursor.py", line 117, in execute\n    raise ex.with_traceback(None)\npsycopg.errors.SyntaxError: syntax error at or near "kdfjdfd"\nLINE 1: kdfjdfd\n        ^\n'
2026-01-24 20:00:08,742 (38486/MainThread) pgcli.pgexecute ERROR - sql: 'dkfdkff', error: SyntaxError('syntax error at or near "dkfdkff"\nLINE 1: dkfdkff\n        ^')
2026-01-24 20:00:08,743 (38486/MainThread) pgcli.pgexecute ERROR - traceback: 'Traceback (most recent call last):\n  File "/Users/devadathanmb/repos/pgcli/pgcli/pgexecute.py", line 406, in run\n    yield self.execute_normal_sql(sql) + (sql, True, False)\n          ~~~~~~~~~~~~~~~~~~~~~~~^^^^^\n  File "/Users/devadathanmb/repos/pgcli/pgcli/pgexecute.py", line 460, in execute_normal_sql\n    cur.execute(split_sql)\n    ~~~~~~~~~~~^^^^^^^^^^^\n  File "/Users/devadathanmb/repos/pgcli/pgcli/pgexecute.py", line 87, in execute\n    super().execute(*args, **kwargs)\n    ~~~~~~~~~~~~~~~^^^^^^^^^^^^^^^^^\n  File "/Users/devadathanmb/repos/pgcli/.venv/lib/python3.14t/site-packages/psycopg/cursor.py", line 117, in execute\n    raise ex.with_traceback(None)\npsycopg.errors.SyntaxError: syntax error at or near "dkfdkff"\nLINE 1: dkfdkff\n        ^\n'
2026-01-24 20:00:20,176 (38521/MainThread) pgcli.main INFO - No default pager found in environment. Using os default pager
2026-01-24 20:00:20,176 (38521/MainThread) pgcli.main WARNING - import keyring failed: ModuleNotFoundError("No module named 'keyring'").
2026-01-24 20:33:35,713 (40763/MainThread) pgcli.main INFO - No default pager found in environment. Using os default pager
2026-01-24 20:33:35,713 (40763/MainThread) pgcli.main WARNING - import keyring failed: ModuleNotFoundError("No module named 'keyring'").
2026-01-24 20:34:07,302 (40763/MainThread) pgcli.pgexecute ERROR - sql: 'elect now()', error: SyntaxError('syntax error at or near "elect"\nLINE 1: elect now()\n        ^')
2026-01-24 20:34:07,304 (40763/MainThread) pgcli.pgexecute ERROR - traceback: 'Traceback (most recent call last):\n  File "/Users/devadathanmb/repos/pgcli/pgcli/pgexecute.py", line 406, in run\n    yield self.execute_normal_sql(sql) + (sql, True, False)\n          ~~~~~~~~~~~~~~~~~~~~~~~^^^^^\n  File "/Users/devadathanmb/repos/pgcli/pgcli/pgexecute.py", line 460, in execute_normal_sql\n    cur.execute(split_sql)\n    ~~~~~~~~~~~^^^^^^^^^^^\n  File "/Users/devadathanmb/repos/pgcli/pgcli/pgexecute.py", line 87, in execute\n    super().execute(*args, **kwargs)\n    ~~~~~~~~~~~~~~~^^^^^^^^^^^^^^^^^\n  File "/Users/devadathanmb/repos/pgcli/.venv/lib/python3.14t/site-packages/psycopg/cursor.py", line 117, in execute\n    raise ex.with_traceback(None)\npsycopg.errors.SyntaxError: syntax error at or near "elect"\nLINE 1: elect now()\n        ^\n'
2026-01-24 20:34:44,845 (40763/MainThread) pgcli.pgexecute ERROR - sql: 'elect now()', error: SyntaxError('syntax error at or near "elect"\nLINE 1: elect now()\n        ^')
2026-01-24 20:34:44,846 (40763/MainThread) pgcli.pgexecute ERROR - traceback: 'Traceback (most recent call last):\n  File "/Users/devadathanmb/repos/pgcli/pgcli/pgexecute.py", line 406, in run\n    yield self.execute_normal_sql(sql) + (sql, True, False)\n          ~~~~~~~~~~~~~~~~~~~~~~~^^^^^\n  File "/Users/devadathanmb/repos/pgcli/pgcli/pgexecute.py", line 460, in execute_normal_sql\n    cur.execute(split_sql)\n    ~~~~~~~~~~~^^^^^^^^^^^\n  File "/Users/devadathanmb/repos/pgcli/pgcli/pgexecute.py", line 87, in execute\n    super().execute(*args, **kwargs)\n    ~~~~~~~~~~~~~~~^^^^^^^^^^^^^^^^^\n  File "/Users/devadathanmb/repos/pgcli/.venv/lib/python3.14t/site-packages/psycopg/cursor.py", line 117, in execute\n    raise ex.with_traceback(None)\npsycopg.errors.SyntaxError: syntax error at or near "elect"\nLINE 1: elect now()\n        ^\n'
2026-01-24 20:35:12,138 (40763/MainThread) pgcli.pgexecute ERROR - sql: 'elect now()', error: SyntaxError('syntax error at or near "elect"\nLINE 1: elect now()\n        ^')
2026-01-24 20:35:12,139 (40763/MainThread) pgcli.pgexecute ERROR - traceback: 'Traceback (most recent call last):\n  File "/Users/devadathanmb/repos/pgcli/pgcli/pgexecute.py", line 406, in run\n    yield self.execute_normal_sql(sql) + (sql, True, False)\n          ~~~~~~~~~~~~~~~~~~~~~~~^^^^^\n  File "/Users/devadathanmb/repos/pgcli/pgcli/pgexecute.py", line 460, in execute_normal_sql\n    cur.execute(split_sql)\n    ~~~~~~~~~~~^^^^^^^^^^^\n  File "/Users/devadathanmb/repos/pgcli/pgcli/pgexecute.py", line 87, in execute\n    super().execute(*args, **kwargs)\n    ~~~~~~~~~~~~~~~^^^^^^^^^^^^^^^^^\n  File "/Users/devadathanmb/repos/pgcli/.venv/lib/python3.14t/site-packages/psycopg/cursor.py", line 117, in execute\n    raise ex.with_traceback(None)\npsycopg.errors.SyntaxError: syntax error at or near "elect"\nLINE 1: elect now()\n        ^\n'
2026-01-24 21:21:27,765 (42739/MainThread) pgcli.main INFO - No default pager found in environment. Using os default pager
2026-01-24 21:21:27,765 (42739/MainThread) pgcli.main WARNING - import keyring failed: ModuleNotFoundError("No module named 'keyring'").
2026-01-24 21:21:47,843 (42739/MainThread) pgcli.pgexecute ERROR - sql: 'select now()', error: AdminShutdown('terminating connection due to administrator command')
2026-01-24 21:21:47,846 (42739/MainThread) pgcli.pgexecute ERROR - traceback: 'Traceback (most recent call last):\n  File "/Users/devadathanmb/repos/pgcli/pgcli/pgexecute.py", line 406, in run\n    yield self.execute_normal_sql(sql) + (sql, True, False)\n          ~~~~~~~~~~~~~~~~~~~~~~~^^^^^\n  File "/Users/devadathanmb/repos/pgcli/pgcli/pgexecute.py", line 460, in execute_normal_sql\n    cur.execute(split_sql)\n    ~~~~~~~~~~~^^^^^^^^^^^\n  File "/Users/devadathanmb/repos/pgcli/pgcli/pgexecute.py", line 87, in execute\n    super().execute(*args, **kwargs)\n    ~~~~~~~~~~~~~~~^^^^^^^^^^^^^^^^^\n  File "/Users/devadathanmb/repos/pgcli/.venv/lib/python3.14t/site-packages/psycopg/cursor.py", line 117, in execute\n    raise ex.with_traceback(None)\npsycopg.errors.AdminShutdown: terminating connection due to administrator command\n'
2026-01-24 21:21:47,846 (42739/MainThread) pgcli.main ERROR - sql: 'select now();', error: AdminShutdown('terminating connection due to administrator command')
2026-01-24 21:21:47,847 (42739/MainThread) pgcli.main ERROR - traceback: 'Traceback (most recent call last):\n  File "/Users/devadathanmb/repos/pgcli/pgcli/main.py", line 824, in execute_command\n    output, query = self._evaluate_command(text)\n                    ~~~~~~~~~~~~~~~~~~~~~~^^^^^^\n  File "/Users/devadathanmb/repos/pgcli/pgcli/main.py", line 1149, in _evaluate_command\n    for title, cur, headers, status, sql, success, is_special in res:\n                                                                 ^^^\n  File "/Users/devadathanmb/repos/pgcli/pgcli/pgexecute.py", line 406, in run\n    yield self.execute_normal_sql(sql) + (sql, True, False)\n          ~~~~~~~~~~~~~~~~~~~~~~~^^^^^\n  File "/Users/devadathanmb/repos/pgcli/pgcli/pgexecute.py", line 460, in execute_normal_sql\n    cur.execute(split_sql)\n    ~~~~~~~~~~~^^^^^^^^^^^\n  File "/Users/devadathanmb/repos/pgcli/pgcli/pgexecute.py", line 87, in execute\n    super().execute(*args, **kwargs)\n    ~~~~~~~~~~~~~~~^^^^^^^^^^^^^^^^^\n  File "/Users/devadathanmb/repos/pgcli/.venv/lib/python3.14t/site-packages/psycopg/cursor.py", line 117, in execute\n    raise ex.with_traceback(None)\npsycopg.errors.AdminShutdown: terminating connection due to administrator command\n'
2026-01-24 23:00:04,453 (44112/MainThread) pgcli.main INFO - No default pager found in environment. Using os default pager
2026-01-24 23:00:04,453 (44112/MainThread) pgcli.main WARNING - import keyring failed: ModuleNotFoundError("No module named 'keyring'").
2026-01-24 23:00:04,465 (44112/MainThread) pgcli.main ERROR - traceback: 'Traceback (most recent call last):\n  File "/Users/devadathanmb/repos/pgcli/pgcli/main.py", line 753, in connect\n    raise e\n  File "/Users/devadathanmb/repos/pgcli/pgcli/main.py", line 724, in connect\n    pgexecute = PGExecute(\n        database,\n    ...<6 lines>...\n        **kwargs,\n    )\n  File "/Users/devadathanmb/repos/pgcli/pgcli/pgexecute.py", line 180, in __init__\n    self.connect(database, user, password, host, port, dsn, **kwargs)\n    ~~~~~~~~~~~~^^^^^^^^^^^^^^^^^^^^^^^^^^^^^^^^^^^^^^^^^^^^^^^^^^^^^\n  File "/Users/devadathanmb/repos/pgcli/pgcli/pgexecute.py", line 227, in connect\n    conn = psycopg.connect(conn_info)\n  File "/Users/devadathanmb/repos/pgcli/.venv/lib/python3.14t/site-packages/psycopg/connection.py", line 129, in connect\n    raise type(last_ex)("\\n".join(lines)).with_traceback(None)\npsycopg.OperationalError: connection failed: connection to server at "127.0.0.1", port 5432 failed: could not receive data from server: Connection refused\nMultiple connection attempts failed. All failures were:\n- host: \'localhost\', port: \'5432\', hostaddr: \'::1\': connection failed: connection to server at "::1", port 5432 failed: could not receive data from server: Connection refused\n- host: \'localhost\', port: \'5432\', hostaddr: \'127.0.0.1\': connection failed: connection to server at "127.0.0.1", port 5432 failed: could not receive data from server: Connection refused\n'
2026-01-24 23:00:18,827 (44214/MainThread) pgcli.main INFO - No default pager found in environment. Using os default pager
2026-01-24 23:00:18,828 (44214/MainThread) pgcli.main WARNING - import keyring failed: ModuleNotFoundError("No module named 'keyring'").
2026-01-24 23:00:18,836 (44214/MainThread) pgcli.main ERROR - traceback: 'Traceback (most recent call last):\n  File "/Users/devadathanmb/repos/pgcli/pgcli/main.py", line 753, in connect\n    raise e\n  File "/Users/devadathanmb/repos/pgcli/pgcli/main.py", line 724, in connect\n    pgexecute = PGExecute(\n        database,\n    ...<6 lines>...\n        **kwargs,\n    )\n  File "/Users/devadathanmb/repos/pgcli/pgcli/pgexecute.py", line 180, in __init__\n    self.connect(database, user, password, host, port, dsn, **kwargs)\n    ~~~~~~~~~~~~^^^^^^^^^^^^^^^^^^^^^^^^^^^^^^^^^^^^^^^^^^^^^^^^^^^^^\n  File "/Users/devadathanmb/repos/pgcli/pgcli/pgexecute.py", line 227, in connect\n    conn = psycopg.connect(conn_info)\n  File "/Users/devadathanmb/repos/pgcli/.venv/lib/python3.14t/site-packages/psycopg/connection.py", line 129, in connect\n    raise type(last_ex)("\\n".join(lines)).with_traceback(None)\npsycopg.OperationalError: connection failed: connection to server at "127.0.0.1", port 5432 failed: could not receive data from server: Connection refused\nMultiple connection attempts failed. All failures were:\n- host: \'localhost\', port: \'5432\', hostaddr: \'::1\': connection failed: connection to server at "::1", port 5432 failed: could not receive data from server: Connection refused\n- host: \'localhost\', port: \'5432\', hostaddr: \'127.0.0.1\': connection failed: connection to server at "127.0.0.1", port 5432 failed: could not receive data from server: Connection refused\n'
2026-01-24 23:00:40,446 (44471/MainThread) pgcli.main INFO - No default pager found in environment. Using os default pager
2026-01-24 23:00:40,446 (44471/MainThread) pgcli.main WARNING - import keyring failed: ModuleNotFoundError("No module named 'keyring'").
2026-01-24 23:00:48,100 (44471/MainThread) pgcli.pgexecute ERROR - sql: 'create table users', error: SyntaxError('syntax error at end of input\nLINE 1: create table users\n                          ^')
2026-01-24 23:00:48,102 (44471/MainThread) pgcli.pgexecute ERROR - traceback: 'Traceback (most recent call last):\n  File "/Users/devadathanmb/repos/pgcli/pgcli/pgexecute.py", line 406, in run\n    yield self.execute_normal_sql(sql) + (sql, True, False)\n          ~~~~~~~~~~~~~~~~~~~~~~~^^^^^\n  File "/Users/devadathanmb/repos/pgcli/pgcli/pgexecute.py", line 460, in execute_normal_sql\n    cur.execute(split_sql)\n    ~~~~~~~~~~~^^^^^^^^^^^\n  File "/Users/devadathanmb/repos/pgcli/pgcli/pgexecute.py", line 87, in execute\n    super().execute(*args, **kwargs)\n    ~~~~~~~~~~~~~~~^^^^^^^^^^^^^^^^^\n  File "/Users/devadathanmb/repos/pgcli/.venv/lib/python3.14t/site-packages/psycopg/cursor.py", line 117, in execute\n    raise ex.with_traceback(None)\npsycopg.errors.SyntaxError: syntax error at end of input\nLINE 1: create table users\n                          ^\n'
2026-01-24 23:01:02,015 (44471/MainThread) pgcli.pgexecute ERROR - sql: ']d', error: SyntaxError('syntax error at or near "]"\nLINE 1: ]d\n        ^')
2026-01-24 23:01:02,016 (44471/MainThread) pgcli.pgexecute ERROR - traceback: 'Traceback (most recent call last):\n  File "/Users/devadathanmb/repos/pgcli/pgcli/pgexecute.py", line 406, in run\n    yield self.execute_normal_sql(sql) + (sql, True, False)\n          ~~~~~~~~~~~~~~~~~~~~~~~^^^^^\n  File "/Users/devadathanmb/repos/pgcli/pgcli/pgexecute.py", line 460, in execute_normal_sql\n    cur.execute(split_sql)\n    ~~~~~~~~~~~^^^^^^^^^^^\n  File "/Users/devadathanmb/repos/pgcli/pgcli/pgexecute.py", line 87, in execute\n    super().execute(*args, **kwargs)\n    ~~~~~~~~~~~~~~~^^^^^^^^^^^^^^^^^\n  File "/Users/devadathanmb/repos/pgcli/.venv/lib/python3.14t/site-packages/psycopg/cursor.py", line 117, in execute\n    raise ex.with_traceback(None)\npsycopg.errors.SyntaxError: syntax error at or near "]"\nLINE 1: ]d\n        ^\n'
2026-01-25 00:28:19,334 (57767/MainThread) pgcli.main INFO - No default pager found in environment. Using os default pager
2026-01-25 00:28:19,334 (57767/MainThread) pgcli.main WARNING - import keyring failed: ModuleNotFoundError("No module named 'keyring'").
2026-01-25 00:28:30,804 (57767/MainThread) pgcli.pgexecute ERROR - sql: 'create', error: SyntaxError('syntax error at end of input\nLINE 1: create\n              ^')
2026-01-25 00:28:30,806 (57767/MainThread) pgcli.pgexecute ERROR - traceback: 'Traceback (most recent call last):\n  File "/Users/devadathanmb/.asdf/installs/python/3.14.0t/lib/python3.14t/site-packages/pgcli/pgexecute.py", line 393, in run\n    yield self.execute_normal_sql(sql) + (sql, True, False)\n          ~~~~~~~~~~~~~~~~~~~~~~~^^^^^\n  File "/Users/devadathanmb/.asdf/installs/python/3.14.0t/lib/python3.14t/site-packages/pgcli/pgexecute.py", line 447, in execute_normal_sql\n    cur.execute(split_sql)\n    ~~~~~~~~~~~^^^^^^^^^^^\n  File "/Users/devadathanmb/.asdf/installs/python/3.14.0t/lib/python3.14t/site-packages/pgcli/pgexecute.py", line 87, in execute\n    super().execute(*args, **kwargs)\n    ~~~~~~~~~~~~~~~^^^^^^^^^^^^^^^^^\n  File "/Users/devadathanmb/.asdf/installs/python/3.14.0t/lib/python3.14t/site-packages/psycopg/cursor.py", line 97, in execute\n    raise ex.with_traceback(None)\npsycopg.errors.SyntaxError: syntax error at end of input\nLINE 1: create\n              ^\n'
2026-01-25 12:00:33,877 (62882/MainThread) pgcli.main INFO - No default pager found in environment. Using os default pager
2026-01-25 12:00:33,877 (62882/MainThread) pgcli.main WARNING - import keyring failed: ModuleNotFoundError("No module named 'keyring'").
2026-01-25 20:50:15,517 (14381/MainThread) pgcli.main INFO - No default pager found in environment. Using os default pager
2026-01-25 20:50:15,517 (14381/MainThread) pgcli.main WARNING - import keyring failed: ModuleNotFoundError("No module named 'keyring'").
2026-01-25 20:50:59,623 (14548/MainThread) pgcli.main INFO - No default pager found in environment. Using os default pager
2026-01-25 20:50:59,624 (14548/MainThread) pgcli.main WARNING - import keyring failed: ModuleNotFoundError("No module named 'keyring'").
2026-01-25 20:52:43,651 (14896/MainThread) pgcli.main INFO - No default pager found in environment. Using os default pager
2026-01-25 20:52:43,651 (14896/MainThread) pgcli.main WARNING - import keyring failed: ModuleNotFoundError("No module named 'keyring'").
2026-01-25 20:53:16,454 (15036/MainThread) pgcli.main INFO - No default pager found in environment. Using os default pager
2026-01-25 20:53:16,454 (15036/MainThread) pgcli.main WARNING - import keyring failed: ModuleNotFoundError("No module named 'keyring'").
2026-01-25 20:55:28,895 (15477/MainThread) pgcli.main INFO - No default pager found in environment. Using os default pager
2026-01-25 20:55:28,895 (15477/MainThread) pgcli.main WARNING - import keyring failed: ModuleNotFoundError("No module named 'keyring'").
2026-01-25 21:10:48,486 (16627/MainThread) pgcli.main INFO - No default pager found in environment. Using os default pager
2026-01-25 21:10:48,486 (16627/MainThread) pgcli.main WARNING - import keyring failed: ModuleNotFoundError("No module named 'keyring'").
2026-01-25 21:10:50,281 (16627/MainThread) pgcli.main ERROR - traceback: 'Traceback (most recent call last):\n  File "/Users/devadathanmb/repos/pgcli/pgcli/main.py", line 724, in connect\n    pgexecute = PGExecute(\n        database,\n    ...<6 lines>...\n        **kwargs,\n    )\n  File "/Users/devadathanmb/repos/pgcli/pgcli/pgexecute.py", line 180, in __init__\n    self.connect(database, user, password, host, port, dsn, **kwargs)\n    ~~~~~~~~~~~~^^^^^^^^^^^^^^^^^^^^^^^^^^^^^^^^^^^^^^^^^^^^^^^^^^^^^\n  File "/Users/devadathanmb/repos/pgcli/pgcli/pgexecute.py", line 227, in connect\n    conn = psycopg.connect(conn_info)\n  File "/Users/devadathanmb/repos/pgcli/.venv/lib/python3.14t/site-packages/psycopg/connection.py", line 129, in connect\n    raise type(last_ex)("\\n".join(lines)).with_traceback(None)\npsycopg.OperationalError: connection failed: connection to server at "127.0.0.1", port 5432 failed: fe_sendauth: no password supplied\nMultiple connection attempts failed. All failures were:\n- host: \'localhost\', port: \'5432\', hostaddr: \'::1\': connection failed: connection to server at "::1", port 5432 failed: fe_sendauth: no password supplied\n- host: \'localhost\', port: \'5432\', hostaddr: \'127.0.0.1\': connection failed: connection to server at "127.0.0.1", port 5432 failed: fe_sendauth: no password supplied\n\nDuring handling of the above exception, another exception occurred:\n\nTraceback (most recent call last):\n  File "/Users/devadathanmb/repos/pgcli/pgcli/main.py", line 742, in connect\n    pgexecute = PGExecute(\n        database,\n    ...<6 lines>...\n        **kwargs,\n    )\n  File "/Users/devadathanmb/repos/pgcli/pgcli/pgexecute.py", line 180, in __init__\n    self.connect(database, user, password, host, port, dsn, **kwargs)\n    ~~~~~~~~~~~~^^^^^^^^^^^^^^^^^^^^^^^^^^^^^^^^^^^^^^^^^^^^^^^^^^^^^\n  File "/Users/devadathanmb/repos/pgcli/pgcli/pgexecute.py", line 227, in connect\n    conn = psycopg.connect(conn_info)\n  File "/Users/devadathanmb/repos/pgcli/.venv/lib/python3.14t/site-packages/psycopg/connection.py", line 129, in connect\n    raise type(last_ex)("\\n".join(lines)).with_traceback(None)\npsycopg.OperationalError: connection failed: connection to server at "127.0.0.1", port 5432 failed: FATAL:  password authentication failed for user "postgres"\nMultiple connection attempts failed. All failures were:\n- host: \'localhost\', port: \'5432\', hostaddr: \'::1\': connection failed: connection to server at "::1", port 5432 failed: FATAL:  password authentication failed for user "postgres"\n- host: \'localhost\', port: \'5432\', hostaddr: \'127.0.0.1\': connection failed: connection to server at "127.0.0.1", port 5432 failed: FATAL:  password authentication failed for user "postgres"\n'
2026-01-25 21:10:51,452 (16645/MainThread) pgcli.main INFO - No default pager found in environment. Using os default pager
2026-01-25 21:10:51,452 (16645/MainThread) pgcli.main WARNING - import keyring failed: ModuleNotFoundError("No module named 'keyring'").
2026-01-25 21:12:55,711 (16826/MainThread) pgcli.main INFO - No default pager found in environment. Using os default pager
2026-01-25 21:12:55,711 (16826/MainThread) pgcli.main WARNING - import keyring failed: ModuleNotFoundError("No module named 'keyring'").
2026-01-25 21:12:58,781 (16826/MainThread) pgcli.main ERROR - traceback: 'Traceback (most recent call last):\n  File "/Users/devadathanmb/repos/pgcli/pgcli/main.py", line 724, in connect\n    pgexecute = PGExecute(\n        database,\n    ...<6 lines>...\n        **kwargs,\n    )\n  File "/Users/devadathanmb/repos/pgcli/pgcli/pgexecute.py", line 180, in __init__\n    self.connect(database, user, password, host, port, dsn, **kwargs)\n    ~~~~~~~~~~~~^^^^^^^^^^^^^^^^^^^^^^^^^^^^^^^^^^^^^^^^^^^^^^^^^^^^^\n  File "/Users/devadathanmb/repos/pgcli/pgcli/pgexecute.py", line 227, in connect\n    conn = psycopg.connect(conn_info)\n  File "/Users/devadathanmb/repos/pgcli/.venv/lib/python3.14t/site-packages/psycopg/connection.py", line 129, in connect\n    raise type(last_ex)("\\n".join(lines)).with_traceback(None)\npsycopg.OperationalError: connection failed: connection to server at "127.0.0.1", port 5432 failed: FATAL:  password authentication failed for user "postgres"\nMultiple connection attempts failed. All failures were:\n- host: \'localhost\', port: \'5432\', hostaddr: \'::1\': connection failed: connection to server at "::1", port 5432 failed: FATAL:  password authentication failed for user "postgres"\n- host: \'localhost\', port: \'5432\', hostaddr: \'127.0.0.1\': connection failed: connection to server at "127.0.0.1", port 5432 failed: FATAL:  password authentication failed for user "postgres"\n\nDuring handling of the above exception, another exception occurred:\n\nTraceback (most recent call last):\n  File "/Users/devadathanmb/repos/pgcli/pgcli/main.py", line 742, in connect\n    pgexecute = PGExecute(\n        database,\n    ...<6 lines>...\n        **kwargs,\n    )\n  File "/Users/devadathanmb/repos/pgcli/pgcli/pgexecute.py", line 180, in __init__\n    self.connect(database, user, password, host, port, dsn, **kwargs)\n    ~~~~~~~~~~~~^^^^^^^^^^^^^^^^^^^^^^^^^^^^^^^^^^^^^^^^^^^^^^^^^^^^^\n  File "/Users/devadathanmb/repos/pgcli/pgcli/pgexecute.py", line 227, in connect\n    conn = psycopg.connect(conn_info)\n  File "/Users/devadathanmb/repos/pgcli/.venv/lib/python3.14t/site-packages/psycopg/connection.py", line 129, in connect\n    raise type(last_ex)("\\n".join(lines)).with_traceback(None)\npsycopg.OperationalError: connection failed: connection to server at "127.0.0.1", port 5432 failed: FATAL:  password authentication failed for user "postgres"\nMultiple connection attempts failed. All failures were:\n- host: \'localhost\', port: \'5432\', hostaddr: \'::1\': connection failed: connection to server at "::1", port 5432 failed: FATAL:  password authentication failed for user "postgres"\n- host: \'localhost\', port: \'5432\', hostaddr: \'127.0.0.1\': connection failed: connection to server at "127.0.0.1", port 5432 failed: FATAL:  password authentication failed for user "postgres"\n'
2026-01-25 21:13:00,106 (16845/MainThread) pgcli.main INFO - No default pager found in environment. Using os default pager
2026-01-25 21:13:00,106 (16845/MainThread) pgcli.main WARNING - import keyring failed: ModuleNotFoundError("No module named 'keyring'").
